<?xml version="1.0" encoding="UTF-8"?>
<!-- Generated by org.testng.reporters.JUnitReportReporter -->
<testsuite hostname="DESKTOP-I169IE1" failures="0" tests="2" name="com.DemoBlaze.Automation.Test.TestLoginPage" time="7.117" errors="0" timestamp="03 Apr 2023 13:42:41 GMT" skipped="0">
  <testcase classname="com.DemoBlaze.Automation.Test.TestLoginPage" name="testPageTitle" time="3.851"/>
  <testcase classname="com.DemoBlaze.Automation.Test.TestLoginPage" name="loginTest" time="3.266"/>
</testsuite> <!-- com.DemoBlaze.Automation.Test.TestLoginPage -->
