<?xml version="1.0" encoding="UTF-8"?>
<!-- Generated by org.testng.reporters.JUnitReportReporter -->
<testsuite hostname="DESKTOP-I169IE1" failures="0" tests="1" name="com.DemoBlaze.Automation.Test.TestLogOutPage" time="7.353" errors="0" timestamp="03 Apr 2023 13:42:41 GMT" skipped="0">
  <testcase classname="com.DemoBlaze.Automation.Test.TestLogOutPage" name="testUserLogOut" time="7.353"/>
</testsuite> <!-- com.DemoBlaze.Automation.Test.TestLogOutPage -->
