<?xml version="1.0" encoding="UTF-8"?>
<!-- Generated by org.testng.reporters.JUnitReportReporter -->
<testsuite hostname="DESKTOP-I169IE1" failures="0" tests="2" name="com.DemoBlaze.Automation.Test.TestLoginPage" time="8.405" errors="0" timestamp="01 Apr 2023 19:16:25 GMT" skipped="0">
  <testcase classname="com.DemoBlaze.Automation.Test.TestLoginPage" name="testPageTitle" time="2.845"/>
  <testcase classname="com.DemoBlaze.Automation.Test.TestLoginPage" name="loginTest" time="5.560"/>
</testsuite> <!-- com.DemoBlaze.Automation.Test.TestLoginPage -->
