<?xml version="1.0" encoding="UTF-8"?>
<!-- Generated by org.testng.reporters.JUnitReportReporter -->
<testsuite hostname="DESKTOP-I169IE1" failures="0" tests="2" name="com.DemoBlaze.Automation.Test.TestLoginPage" time="14.527" errors="0" timestamp="02 Apr 2023 18:24:31 GMT" skipped="0">
  <testcase classname="com.DemoBlaze.Automation.Test.TestLoginPage" name="testPageTitle" time="5.264"/>
  <testcase classname="com.DemoBlaze.Automation.Test.TestLoginPage" name="loginTest" time="9.263"/>
</testsuite> <!-- com.DemoBlaze.Automation.Test.TestLoginPage -->
